0 info it worked if it ends with ok
1 verbose cli [ 'I:\\Node\\node.exe',
1 verbose cli   'F:\\Users\\jjj\\AppData\\Roaming\\npm\\node_modules\\npm\\bin\\npm-cli.js',
1 verbose cli   'run',
1 verbose cli   'serve' ]
2 info using npm@3.7.5
3 info using node@v10.15.0
4 verbose run-script [ 'preserve', 'serve', 'postserve' ]
5 info lifecycle @0.1.0~preserve: @0.1.0
6 silly lifecycle @0.1.0~preserve: no script for preserve, continuing
7 info lifecycle @0.1.0~serve: @0.1.0
8 verbose lifecycle @0.1.0~serve: unsafe-perm in lifecycle true
9 verbose lifecycle @0.1.0~serve: PATH: F:\Users\jjj\AppData\Roaming\npm\node_modules\npm\bin\node-gyp-bin;d:\foodish\foodish\node_modules\.bin;I:\Node;F:\Program Files (x86)\Common Files\NetSarang;F:\ProgramData\Oracle\Java\javapath;F:\Program Files (x86)\Java\jdk\jre\bin;F:\Program Files (x86)\Java\jdk\bin;F:\Windows\system32;F:\Program Files (x86)\Java\jdk\jre\bin;I:\SVN\bin;C:\mysql\bin;I:\Python27;I:\Go\bin;I:\Microsoft VS Code\bin;I:\Node\;I:\NDK\android-ndk-r10e;I:\Git\Git\bin;I:\MongoDB\bin;I:\Microsoft VS Code\bin;I:\SVN\bin;I:\SVN\bin;D:\apache\Apache24\bin;C:\redis;C:\MySQL\bin;I:\Python27\Lib;I:\Python27\DLLs;I:\Python27\Lib\lib-tk;;C:\appWork\self-wrok\go_work;I:\Go;C:\apache-tomcat-8.0.51\lib\servlet-api.jar;C:\apache-tomcat-8.0.51\bin;C:\apache-tomcat-8.0.51\lib;D:\android_sdk\tools;D:\android_sdk\platform-tools;F:\Users\jjj\AppData\Roaming\npm
10 verbose lifecycle @0.1.0~serve: CWD: d:\foodish\foodish
11 silly lifecycle @0.1.0~serve: Args: [ '/d /s /c', 'vue-cli-service serve' ]
12 silly lifecycle @0.1.0~serve: Returned: code: 1  signal: null
13 info lifecycle @0.1.0~serve: Failed to exec serve script
14 verbose stack Error: @0.1.0 serve: `vue-cli-service serve`
14 verbose stack Exit status 1
14 verbose stack     at EventEmitter.<anonymous> (F:\Users\jjj\AppData\Roaming\npm\node_modules\npm\lib\utils\lifecycle.js:239:16)
14 verbose stack     at EventEmitter.emit (events.js:182:13)
14 verbose stack     at ChildProcess.<anonymous> (F:\Users\jjj\AppData\Roaming\npm\node_modules\npm\lib\utils\spawn.js:24:14)
14 verbose stack     at ChildProcess.emit (events.js:182:13)
14 verbose stack     at maybeClose (internal/child_process.js:962:16)
14 verbose stack     at Process.ChildProcess._handle.onexit (internal/child_process.js:251:5)
15 verbose pkgid @0.1.0
16 verbose cwd d:\foodish\foodish
17 error Windows_NT 6.1.7601
18 error argv "I:\\Node\\node.exe" "F:\\Users\\jjj\\AppData\\Roaming\\npm\\node_modules\\npm\\bin\\npm-cli.js" "run" "serve"
19 error node v10.15.0
20 error npm  v3.7.5
21 error code ELIFECYCLE
22 error @0.1.0 serve: `vue-cli-service serve`
22 error Exit status 1
23 error Failed at the @0.1.0 serve script 'vue-cli-service serve'.
23 error Make sure you have the latest version of node.js and npm installed.
23 error If you do, this is most likely a problem with the  package,
23 error not with npm itself.
23 error Tell the author that this fails on your system:
23 error     vue-cli-service serve
23 error You can get information on how to open an issue for this project with:
23 error     npm bugs
23 error Or if that isn't available, you can get their info via:
23 error     npm owner ls
23 error There is likely additional logging output above.
24 verbose exit [ 1, true ]
